<?xml version="1.0" encoding="UTF-8"?>
<!-- Generated by org.testng.reporters.JUnitReportReporter -->
<testsuite hostname="LIN19001909" failures="0" tests="4" name="com.gtplbankV1.automation.Tests.AddNewCustomerTest" time="112.103" errors="0" timestamp="30 Jul 2020 05:31:05 GMT" skipped="0">
  <testcase classname="com.gtplbankV1.automation.Tests.AddNewCustomerTest" name="TC_002_addNewCustomerFunctionTest" time="25.072"/>
  <testcase classname="com.gtplbankV1.automation.Tests.AddNewCustomerTest" name="TC_002_addNewCustomerFunctionTest" time="24.078"/>
  <testcase classname="com.gtplbankV1.automation.Tests.AddNewCustomerTest" name="TC_002_addNewCustomerFunctionTest" time="26.250"/>
  <testcase classname="com.gtplbankV1.automation.Tests.AddNewCustomerTest" name="TC_002_addNewCustomerFunctionTest" time="36.703"/>
</testsuite> <!-- com.gtplbankV1.automation.Tests.AddNewCustomerTest -->
